<?xml version="1.0" encoding="UTF-8"?>
<testng-results skipped="0" failed="0" total="1" passed="1">
  <reporter-output>
  </reporter-output>
  <suite name="TestUI" duration-ms="1860" started-at="2018-12-22T08:39:31Z" finished-at="2018-12-22T08:39:33Z">
    <groups>
    </groups>
    <test name="Command line test" duration-ms="1860" started-at="2018-12-22T08:39:31Z" finished-at="2018-12-22T08:39:33Z">
      <class name="TestUI">
        <test-method status="PASS" signature="PlanStart()[pri:0, instance:TestUI@1324409e]" name="PlanStart" duration-ms="1850" started-at="2018-12-22T16:39:31Z" finished-at="2018-12-22T16:39:33Z">
          <reporter-output>
          </reporter-output>
        </test-method> <!-- PlanStart -->
      </class> <!-- TestUI -->
    </test> <!-- Command line test -->
  </suite> <!-- TestUI -->
</testng-results>
